Using pre-set license
Built from '2020.3/staging' branch; Version is '2020.3.9f1 (108be757e447) revision 1084391'; Using compiler version '192528614'; Build Type 'Release'
OS: 'Windows 10 Home Single Language; OS build 19043.1052; Version 2009; 64bit' Language: 'en' Physical Memory: 8081 MB
BatchMode: 1, IsHumanControllingUs: 0, StartBugReporterOnCrash: 0, Is64bit: 1, IsPro: 0

 COMMAND LINE ARGUMENTS:
H:\Unity\2020.3.9f1\Editor\Unity.exe
-adb2
-batchMode
-noUpm
-name
AssetImportWorker0
-projectPath
F:/Project/Search
-logFile
Logs/AssetImportWorker0.log
-srvPort
50369
Successfully changed project path to: F:/Project/Search
F:/Project/Search
Using Asset Import Pipeline V2.
Refreshing native plugins compatible for Editor in 97.25 ms, found 3 plugins.
Preloading 0 native plugins for Editor in 0.00 ms.
Initialize engine version: 2020.3.9f1 (108be757e447)
[Subsystems] Discovering subsystems at path H:/Unity/2020.3.9f1/Editor/Data/Resources/UnitySubsystems
[Subsystems] Discovering subsystems at path F:/Project/Search/Assets
GfxDevice: creating device client; threaded=0
Direct3D:
    Version:  Direct3D 11.0 [level 11.0]
    Renderer: NVIDIA GeForce 940MX (ID=0x134d)
    Vendor:   
    VRAM:     2010 MB
    Driver:   27.21.14.5655
Initialize mono
Mono path[0] = 'H:/Unity/2020.3.9f1/Editor/Data/Managed'
Mono path[1] = 'H:/Unity/2020.3.9f1/Editor/Data/MonoBleedingEdge/lib/mono/unityjit'
Mono config path = 'H:/Unity/2020.3.9f1/Editor/Data/MonoBleedingEdge/etc'
Using monoOptions --debugger-agent=transport=dt_socket,embedding=1,server=y,suspend=n,address=127.0.0.1:56480
Begin MonoManager ReloadAssembly
Registering precompiled unity dll's ...
Register platform support module: H:/Unity/2020.3.9f1/Editor/Data/PlaybackEngines/WebGLSupport/UnityEditor.WebGL.Extensions.dll
Register platform support module: H:/Unity/2020.3.9f1/Editor/Data/PlaybackEngines/WindowsStandaloneSupport/UnityEditor.WindowsStandalone.Extensions.dll
Registered in 0.003663 seconds.
Native extension for WindowsStandalone target not found
Native extension for WebGL target not found
Refreshing native plugins compatible for Editor in 93.26 ms, found 3 plugins.
Preloading 0 native plugins for Editor in 0.00 ms.
Mono: successfully reloaded assembly
- Completed reload, in  4.334 seconds
Platform modules already initialized, skipping
Registering precompiled user dll's ...
Registered in 0.003343 seconds.
Begin MonoManager ReloadAssembly
Native extension for WindowsStandalone target not found
Native extension for WebGL target not found
Refreshing native plugins compatible for Editor in 1.64 ms, found 3 plugins.
Preloading 0 native plugins for Editor in 0.00 ms.
Mono: successfully reloaded assembly
- Completed reload, in  4.644 seconds
Platform modules already initialized, skipping
========================================================================
Worker process is ready to serve import requests
Launched and connected shader compiler UnityShaderCompiler.exe after 0.50 seconds
Refreshing native plugins compatible for Editor in 2.44 ms, found 3 plugins.
Preloading 0 native plugins for Editor in 0.00 ms.
Unloading 1270 Unused Serialized files (Serialized files now loaded: 0)
System memory in use before: 62.0 MB.
System memory in use after: 62.1 MB.

Unloading 17 unused Assets to reduce memory usage. Loaded Objects now: 1705.
Total: 2.957900 ms (FindLiveObjects: 0.592700 ms CreateObjectMapping: 0.306500 ms MarkObjects: 1.943700 ms  DeleteObjects: 0.113000 ms)

========================================================================
Received Import Request.
  path: Assets/Potential.cs
  artifactKey: Guid(1084dcb4cd6ee6a4e9aef08a135b9e56) Importer(815301076,1909f56bfc062723c751e8b465ee728b)
Start importing Assets/Potential.cs using Guid(1084dcb4cd6ee6a4e9aef08a135b9e56) Importer(815301076,1909f56bfc062723c751e8b465ee728b)  -> (artifact id: 'ed097d7d2f2cac4456017f81386c2afa') in 0.098625 seconds
  Import took 0.109733 seconds .

========================================================================
Received Import Request.
  Time since last request: 0.003794 seconds.
  path: Assets/Potential.cs
  artifactKey: Guid(1084dcb4cd6ee6a4e9aef08a135b9e56) Importer(815301076,1909f56bfc062723c751e8b465ee728b)
Start importing Assets/Potential.cs using Guid(1084dcb4cd6ee6a4e9aef08a135b9e56) Importer(815301076,1909f56bfc062723c751e8b465ee728b)  -> (artifact id: 'ed097d7d2f2cac4456017f81386c2afa') in 0.005886 seconds
  Import took 0.010668 seconds .

========================================================================
Received Prepare
Registering precompiled user dll's ...
Registered in 0.006787 seconds.
Begin MonoManager ReloadAssembly
Native extension for WindowsStandalone target not found
Native extension for WebGL target not found
Refreshing native plugins compatible for Editor in 0.36 ms, found 3 plugins.
Preloading 0 native plugins for Editor in 0.03 ms.
Mono: successfully reloaded assembly
- Completed reload, in  2.693 seconds
Platform modules already initialized, skipping
Refreshing native plugins compatible for Editor in 0.54 ms, found 3 plugins.
Preloading 0 native plugins for Editor in 0.00 ms.
Unloading 1259 Unused Serialized files (Serialized files now loaded: 0)
System memory in use before: 61.4 MB.
System memory in use after: 61.4 MB.

Unloading 12 unused Assets to reduce memory usage. Loaded Objects now: 1708.
Total: 4.548800 ms (FindLiveObjects: 0.200000 ms CreateObjectMapping: 0.067300 ms MarkObjects: 4.061200 ms  DeleteObjects: 0.217200 ms)

========================================================================
Received Prepare
Registering precompiled user dll's ...
Registered in 0.003070 seconds.
Begin MonoManager ReloadAssembly
Native extension for WindowsStandalone target not found
Native extension for WebGL target not found
Refreshing native plugins compatible for Editor in 0.52 ms, found 3 plugins.
Preloading 0 native plugins for Editor in 0.00 ms.
Mono: successfully reloaded assembly
- Completed reload, in  1.865 seconds
Platform modules already initialized, skipping
Refreshing native plugins compatible for Editor in 0.51 ms, found 3 plugins.
Preloading 0 native plugins for Editor in 0.00 ms.
Unloading 1259 Unused Serialized files (Serialized files now loaded: 0)
System memory in use before: 61.4 MB.
System memory in use after: 61.5 MB.

Unloading 12 unused Assets to reduce memory usage. Loaded Objects now: 1711.
Total: 6.983800 ms (FindLiveObjects: 1.389700 ms CreateObjectMapping: 0.457700 ms MarkObjects: 5.029900 ms  DeleteObjects: 0.096400 ms)

AssetImportWorkerClient::OnTransportError - code=2 error=End of file
