Using pre-set license
Built from '2020.3/staging' branch; Version is '2020.3.9f1 (108be757e447) revision 1084391'; Using compiler version '192528614'; Build Type 'Release'
OS: 'Windows 10 Home Single Language; OS build 19043.1052; Version 2009; 64bit' Language: 'en' Physical Memory: 8081 MB
BatchMode: 1, IsHumanControllingUs: 0, StartBugReporterOnCrash: 0, Is64bit: 1, IsPro: 0

 COMMAND LINE ARGUMENTS:
H:\Unity\2020.3.9f1\Editor\Unity.exe
-adb2
-batchMode
-noUpm
-name
AssetImportWorker0
-projectPath
F:/Project/Search
-logFile
Logs/AssetImportWorker0.log
-srvPort
51908
Successfully changed project path to: F:/Project/Search
F:/Project/Search
Using Asset Import Pipeline V2.
Refreshing native plugins compatible for Editor in 41.07 ms, found 3 plugins.
Preloading 0 native plugins for Editor in 0.00 ms.
Initialize engine version: 2020.3.9f1 (108be757e447)
[Subsystems] Discovering subsystems at path H:/Unity/2020.3.9f1/Editor/Data/Resources/UnitySubsystems
[Subsystems] Discovering subsystems at path F:/Project/Search/Assets
GfxDevice: creating device client; threaded=0
Direct3D:
    Version:  Direct3D 11.0 [level 11.0]
    Renderer: NVIDIA GeForce 940MX (ID=0x134d)
    Vendor:   
    VRAM:     2010 MB
    Driver:   27.21.14.5655
Initialize mono
Mono path[0] = 'H:/Unity/2020.3.9f1/Editor/Data/Managed'
Mono path[1] = 'H:/Unity/2020.3.9f1/Editor/Data/MonoBleedingEdge/lib/mono/unityjit'
Mono config path = 'H:/Unity/2020.3.9f1/Editor/Data/MonoBleedingEdge/etc'
Using monoOptions --debugger-agent=transport=dt_socket,embedding=1,server=y,suspend=n,address=127.0.0.1:56308
Begin MonoManager ReloadAssembly
Registering precompiled unity dll's ...
Register platform support module: H:/Unity/2020.3.9f1/Editor/Data/PlaybackEngines/WebGLSupport/UnityEditor.WebGL.Extensions.dll
Register platform support module: H:/Unity/2020.3.9f1/Editor/Data/PlaybackEngines/WindowsStandaloneSupport/UnityEditor.WindowsStandalone.Extensions.dll
Registered in 0.002184 seconds.
Native extension for WindowsStandalone target not found
Native extension for WebGL target not found
Refreshing native plugins compatible for Editor in 45.79 ms, found 3 plugins.
Preloading 0 native plugins for Editor in 0.00 ms.
Mono: successfully reloaded assembly
- Completed reload, in  1.697 seconds
Platform modules already initialized, skipping
Registering precompiled user dll's ...
Registered in 0.002433 seconds.
Begin MonoManager ReloadAssembly
Native extension for WindowsStandalone target not found
Native extension for WebGL target not found
Refreshing native plugins compatible for Editor in 0.33 ms, found 3 plugins.
Preloading 0 native plugins for Editor in 0.00 ms.
Mono: successfully reloaded assembly
- Completed reload, in  1.461 seconds
Platform modules already initialized, skipping
========================================================================
Worker process is ready to serve import requests
Launched and connected shader compiler UnityShaderCompiler.exe after 0.16 seconds
Refreshing native plugins compatible for Editor in 0.30 ms, found 3 plugins.
Preloading 0 native plugins for Editor in 0.00 ms.
Unloading 1270 Unused Serialized files (Serialized files now loaded: 0)
System memory in use before: 62.0 MB.
System memory in use after: 62.1 MB.

Unloading 17 unused Assets to reduce memory usage. Loaded Objects now: 1705.
Total: 2.034900 ms (FindLiveObjects: 0.165600 ms CreateObjectMapping: 0.054200 ms MarkObjects: 1.695300 ms  DeleteObjects: 0.117700 ms)

========================================================================
Received Import Request.
  path: Assets/Move.cs
  artifactKey: Guid(ac60ea2c2e01c754595c8c49256632e6) Importer(815301076,1909f56bfc062723c751e8b465ee728b)
Start importing Assets/Move.cs using Guid(ac60ea2c2e01c754595c8c49256632e6) Importer(815301076,1909f56bfc062723c751e8b465ee728b)  -> (artifact id: '361e79e4663bf1eea2137149c15d6d1d') in 0.282087 seconds
  Import took 0.332604 seconds .

========================================================================
Received Prepare
Refreshing native plugins compatible for Editor in 5.23 ms, found 3 plugins.
Preloading 0 native plugins for Editor in 0.00 ms.
Unloading 10 Unused Serialized files (Serialized files now loaded: 0)
System memory in use before: 36.5 MB.
System memory in use after: 36.6 MB.

Unloading 10 unused Assets to reduce memory usage. Loaded Objects now: 1705.
Total: 2.838200 ms (FindLiveObjects: 0.180400 ms CreateObjectMapping: 0.057200 ms MarkObjects: 2.525700 ms  DeleteObjects: 0.073500 ms)

========================================================================
Received Prepare
Registering precompiled user dll's ...
Registered in 0.001824 seconds.
Begin MonoManager ReloadAssembly
Native extension for WindowsStandalone target not found
Native extension for WebGL target not found
Refreshing native plugins compatible for Editor in 0.33 ms, found 3 plugins.
Preloading 0 native plugins for Editor in 0.00 ms.
Mono: successfully reloaded assembly
- Completed reload, in  1.218 seconds
Platform modules already initialized, skipping
Refreshing native plugins compatible for Editor in 0.38 ms, found 3 plugins.
Preloading 0 native plugins for Editor in 0.00 ms.
Unloading 1259 Unused Serialized files (Serialized files now loaded: 0)
System memory in use before: 61.4 MB.
System memory in use after: 61.5 MB.

Unloading 12 unused Assets to reduce memory usage. Loaded Objects now: 1708.
Total: 2.134100 ms (FindLiveObjects: 0.179600 ms CreateObjectMapping: 0.053800 ms MarkObjects: 1.824600 ms  DeleteObjects: 0.074800 ms)

========================================================================
Received Import Request.
  Time since last request: 365.921310 seconds.
  path: Assets/Move.cs
  artifactKey: Guid(ac60ea2c2e01c754595c8c49256632e6) Importer(815301076,1909f56bfc062723c751e8b465ee728b)
Start importing Assets/Move.cs using Guid(ac60ea2c2e01c754595c8c49256632e6) Importer(815301076,1909f56bfc062723c751e8b465ee728b)  -> (artifact id: '67b604e57055143c2908f1030b68bf8d') in 0.007559 seconds
  Import took 0.031304 seconds .

========================================================================
Received Import Request.
  Time since last request: 0.002874 seconds.
  path: Assets/Move.cs
  artifactKey: Guid(ac60ea2c2e01c754595c8c49256632e6) Importer(815301076,1909f56bfc062723c751e8b465ee728b)
Start importing Assets/Move.cs using Guid(ac60ea2c2e01c754595c8c49256632e6) Importer(815301076,1909f56bfc062723c751e8b465ee728b)  -> (artifact id: '67b604e57055143c2908f1030b68bf8d') in 0.005154 seconds
  Import took 0.009910 seconds .

========================================================================
Received Prepare
Registering precompiled user dll's ...
Registered in 0.003064 seconds.
Begin MonoManager ReloadAssembly
Native extension for WindowsStandalone target not found
Native extension for WebGL target not found
Refreshing native plugins compatible for Editor in 0.31 ms, found 3 plugins.
Preloading 0 native plugins for Editor in 0.00 ms.
Mono: successfully reloaded assembly
- Completed reload, in  1.270 seconds
Platform modules already initialized, skipping
Refreshing native plugins compatible for Editor in 0.50 ms, found 3 plugins.
Preloading 0 native plugins for Editor in 0.00 ms.
Unloading 1259 Unused Serialized files (Serialized files now loaded: 0)
System memory in use before: 61.4 MB.
System memory in use after: 61.5 MB.

Unloading 12 unused Assets to reduce memory usage. Loaded Objects now: 1711.
Total: 2.926200 ms (FindLiveObjects: 0.263000 ms CreateObjectMapping: 0.095400 ms MarkObjects: 2.488400 ms  DeleteObjects: 0.077800 ms)

========================================================================
Received Import Request.
  Time since last request: 29.714481 seconds.
  path: Assets/Move1.cs
  artifactKey: Guid(4497fdfb0e0020545a6653fe12a46691) Importer(815301076,1909f56bfc062723c751e8b465ee728b)
Start importing Assets/Move1.cs using Guid(4497fdfb0e0020545a6653fe12a46691) Importer(815301076,1909f56bfc062723c751e8b465ee728b)  -> (artifact id: '02b2005019fb21d4bbaf9c8ceb71c67a') in 0.007000 seconds
  Import took 0.056828 seconds .

========================================================================
Received Prepare
Registering precompiled user dll's ...
Registered in 0.001979 seconds.
Begin MonoManager ReloadAssembly
Native extension for WindowsStandalone target not found
Native extension for WebGL target not found
Refreshing native plugins compatible for Editor in 0.31 ms, found 3 plugins.
Preloading 0 native plugins for Editor in 0.00 ms.
Mono: successfully reloaded assembly
- Completed reload, in  1.324 seconds
Platform modules already initialized, skipping
Refreshing native plugins compatible for Editor in 0.36 ms, found 3 plugins.
Preloading 0 native plugins for Editor in 0.00 ms.
Unloading 1259 Unused Serialized files (Serialized files now loaded: 0)
System memory in use before: 61.4 MB.
System memory in use after: 61.5 MB.

Unloading 12 unused Assets to reduce memory usage. Loaded Objects now: 1714.
Total: 3.033000 ms (FindLiveObjects: 0.166500 ms CreateObjectMapping: 0.051400 ms MarkObjects: 2.700500 ms  DeleteObjects: 0.113300 ms)

========================================================================
Received Prepare
Registering precompiled user dll's ...
Registered in 0.002086 seconds.
Begin MonoManager ReloadAssembly
Native extension for WindowsStandalone target not found
Native extension for WebGL target not found
Refreshing native plugins compatible for Editor in 0.55 ms, found 3 plugins.
Preloading 0 native plugins for Editor in 0.00 ms.
Mono: successfully reloaded assembly
- Completed reload, in  1.396 seconds
Platform modules already initialized, skipping
Refreshing native plugins compatible for Editor in 0.37 ms, found 3 plugins.
Preloading 0 native plugins for Editor in 0.00 ms.
Unloading 1259 Unused Serialized files (Serialized files now loaded: 0)
System memory in use before: 61.4 MB.
System memory in use after: 61.5 MB.

Unloading 12 unused Assets to reduce memory usage. Loaded Objects now: 1717.
Total: 4.321000 ms (FindLiveObjects: 0.372600 ms CreateObjectMapping: 0.097300 ms MarkObjects: 3.747100 ms  DeleteObjects: 0.100700 ms)

========================================================================
Received Prepare
Registering precompiled user dll's ...
Registered in 0.001836 seconds.
Begin MonoManager ReloadAssembly
Native extension for WindowsStandalone target not found
Native extension for WebGL target not found
Refreshing native plugins compatible for Editor in 0.35 ms, found 3 plugins.
Preloading 0 native plugins for Editor in 0.00 ms.
Mono: successfully reloaded assembly
- Completed reload, in  1.231 seconds
Platform modules already initialized, skipping
Refreshing native plugins compatible for Editor in 0.38 ms, found 3 plugins.
Preloading 0 native plugins for Editor in 0.00 ms.
Unloading 1259 Unused Serialized files (Serialized files now loaded: 0)
System memory in use before: 61.5 MB.
System memory in use after: 61.5 MB.

Unloading 12 unused Assets to reduce memory usage. Loaded Objects now: 1720.
Total: 2.559600 ms (FindLiveObjects: 0.229100 ms CreateObjectMapping: 0.060000 ms MarkObjects: 2.162200 ms  DeleteObjects: 0.106700 ms)

========================================================================
Received Prepare
Registering precompiled user dll's ...
Registered in 0.001837 seconds.
Begin MonoManager ReloadAssembly
Native extension for WindowsStandalone target not found
Native extension for WebGL target not found
Refreshing native plugins compatible for Editor in 0.35 ms, found 3 plugins.
Preloading 0 native plugins for Editor in 0.00 ms.
Mono: successfully reloaded assembly
- Completed reload, in  1.309 seconds
Platform modules already initialized, skipping
Refreshing native plugins compatible for Editor in 0.34 ms, found 3 plugins.
Preloading 0 native plugins for Editor in 0.00 ms.
Unloading 1259 Unused Serialized files (Serialized files now loaded: 0)
System memory in use before: 61.5 MB.
System memory in use after: 61.5 MB.

Unloading 12 unused Assets to reduce memory usage. Loaded Objects now: 1723.
Total: 2.404700 ms (FindLiveObjects: 0.166000 ms CreateObjectMapping: 0.051100 ms MarkObjects: 2.045500 ms  DeleteObjects: 0.140500 ms)

AssetImportWorkerClient::OnTransportError - code=2 error=End of file
