Using pre-set license
Built from '2020.3/staging' branch; Version is '2020.3.9f1 (108be757e447) revision 1084391'; Using compiler version '192528614'; Build Type 'Release'
OS: 'Windows 10 Home Single Language; OS build 19043.1052; Version 2009; 64bit' Language: 'en' Physical Memory: 8081 MB
BatchMode: 1, IsHumanControllingUs: 0, StartBugReporterOnCrash: 0, Is64bit: 1, IsPro: 0

 COMMAND LINE ARGUMENTS:
H:\Unity\2020.3.9f1\Editor\Unity.exe
-adb2
-batchMode
-noUpm
-name
AssetImportWorker0
-projectPath
F:/Project/Obs Avoidance for fixed objects
-logFile
Logs/AssetImportWorker0.log
-srvPort
62510
Successfully changed project path to: F:/Project/Obs Avoidance for fixed objects
F:/Project/Obs Avoidance for fixed objects
Using Asset Import Pipeline V2.
Refreshing native plugins compatible for Editor in 65.94 ms, found 0 plugins.
Preloading 0 native plugins for Editor in 0.00 ms.
Initialize engine version: 2020.3.9f1 (108be757e447)
[Subsystems] Discovering subsystems at path H:/Unity/2020.3.9f1/Editor/Data/Resources/UnitySubsystems
[Subsystems] Discovering subsystems at path F:/Project/Obs Avoidance for fixed objects/Assets
GfxDevice: creating device client; threaded=0
Direct3D:
    Version:  Direct3D 11.0 [level 11.0]
    Renderer: NVIDIA GeForce 940MX (ID=0x134d)
    Vendor:   
    VRAM:     2010 MB
    Driver:   27.21.14.5655
Initialize mono
Mono path[0] = 'H:/Unity/2020.3.9f1/Editor/Data/Managed'
Mono path[1] = 'H:/Unity/2020.3.9f1/Editor/Data/MonoBleedingEdge/lib/mono/unityjit'
Mono config path = 'H:/Unity/2020.3.9f1/Editor/Data/MonoBleedingEdge/etc'
Using monoOptions --debugger-agent=transport=dt_socket,embedding=1,server=y,suspend=n,address=127.0.0.1:56124
Begin MonoManager ReloadAssembly
Registering precompiled unity dll's ...
Register platform support module: H:/Unity/2020.3.9f1/Editor/Data/PlaybackEngines/WebGLSupport/UnityEditor.WebGL.Extensions.dll
Register platform support module: H:/Unity/2020.3.9f1/Editor/Data/PlaybackEngines/WindowsStandaloneSupport/UnityEditor.WindowsStandalone.Extensions.dll
Registered in 0.072297 seconds.
Native extension for WindowsStandalone target not found
Native extension for WebGL target not found
Refreshing native plugins compatible for Editor in 56.15 ms, found 0 plugins.
Preloading 0 native plugins for Editor in 0.00 ms.
Mono: successfully reloaded assembly
- Completed reload, in  2.749 seconds
Platform modules already initialized, skipping
Registering precompiled user dll's ...
Registered in 0.014857 seconds.
Begin MonoManager ReloadAssembly
Native extension for WindowsStandalone target not found
Native extension for WebGL target not found
Refreshing native plugins compatible for Editor in 0.42 ms, found 0 plugins.
Preloading 0 native plugins for Editor in 0.00 ms.
Mono: successfully reloaded assembly
- Completed reload, in  2.262 seconds
Platform modules already initialized, skipping
========================================================================
Worker process is ready to serve import requests
Launched and connected shader compiler UnityShaderCompiler.exe after 0.11 seconds
Refreshing native plugins compatible for Editor in 0.32 ms, found 0 plugins.
Preloading 0 native plugins for Editor in 0.00 ms.
Unloading 1115 Unused Serialized files (Serialized files now loaded: 0)
System memory in use before: 57.2 MB.
System memory in use after: 57.2 MB.

Unloading 10 unused Assets to reduce memory usage. Loaded Objects now: 1557.
Total: 3.618500 ms (FindLiveObjects: 0.211700 ms CreateObjectMapping: 0.067400 ms MarkObjects: 3.133100 ms  DeleteObjects: 0.204200 ms)

========================================================================
Received Import Request.
  path: Assets
  artifactKey: Guid(00000000000000001000000000000000) Importer(815301076,1909f56bfc062723c751e8b465ee728b)
Start importing Assets using Guid(00000000000000001000000000000000) Importer(815301076,1909f56bfc062723c751e8b465ee728b)  -> (artifact id: '42d402b061de3733987d63b9cc3b64de') in 0.006867 seconds
  Import took 0.022429 seconds .

========================================================================
Received Import Request.
  Time since last request: 10.114996 seconds.
  path: Assets/Plane.mat
  artifactKey: Guid(c6f65db2992a35e4ea215ed4f5f2c961) Importer(815301076,1909f56bfc062723c751e8b465ee728b)
Start importing Assets/Plane.mat using Guid(c6f65db2992a35e4ea215ed4f5f2c961) Importer(815301076,1909f56bfc062723c751e8b465ee728b)  -> (artifact id: 'fd4a58f213bde4b2b4a843cf4dacb268') in 0.768050 seconds
  Import took 0.789869 seconds .

========================================================================
Received Import Request.
  Time since last request: 40.745571 seconds.
  path: Assets/Obstacles.mat
  artifactKey: Guid(8b352832d42b04145af1e26b0313823d) Importer(815301076,1909f56bfc062723c751e8b465ee728b)
Start importing Assets/Obstacles.mat using Guid(8b352832d42b04145af1e26b0313823d) Importer(815301076,1909f56bfc062723c751e8b465ee728b)  -> (artifact id: 'a1ceb1e9782898199c12e2f0558397b0') in 0.051741 seconds
  Import took 0.057055 seconds .

========================================================================
Received Import Request.
  Time since last request: 73.861069 seconds.
  path: Assets/Player.mat
  artifactKey: Guid(5cd66ba025cbeda4b95a7e410088dee7) Importer(815301076,1909f56bfc062723c751e8b465ee728b)
Start importing Assets/Player.mat using Guid(5cd66ba025cbeda4b95a7e410088dee7) Importer(815301076,1909f56bfc062723c751e8b465ee728b)  -> (artifact id: '3bdfcd5cf5e17d60206206bceab9c81b') in 0.017512 seconds
  Import took 0.022382 seconds .

========================================================================
Received Import Request.
  Time since last request: 30.406055 seconds.
  path: Assets/Obstacles.mat
  artifactKey: Guid(8b352832d42b04145af1e26b0313823d) Importer(815301076,1909f56bfc062723c751e8b465ee728b)
Start importing Assets/Obstacles.mat using Guid(8b352832d42b04145af1e26b0313823d) Importer(815301076,1909f56bfc062723c751e8b465ee728b)  -> (artifact id: 'e7ea1e58d7dd8e13660a8c801c068f42') in 0.015141 seconds
  Import took 0.019941 seconds .

========================================================================
Received Import Request.
  Time since last request: 0.000305 seconds.
  path: Assets/Plane.mat
  artifactKey: Guid(c6f65db2992a35e4ea215ed4f5f2c961) Importer(815301076,1909f56bfc062723c751e8b465ee728b)
Start importing Assets/Plane.mat using Guid(c6f65db2992a35e4ea215ed4f5f2c961) Importer(815301076,1909f56bfc062723c751e8b465ee728b)  -> (artifact id: '57015a9b058f8a39cf729a2085c81b2b') in 0.026686 seconds
  Import took 0.029375 seconds .

========================================================================
Received Import Request.
  Time since last request: 0.000423 seconds.
  path: Assets/Player.mat
  artifactKey: Guid(5cd66ba025cbeda4b95a7e410088dee7) Importer(815301076,1909f56bfc062723c751e8b465ee728b)
Start importing Assets/Player.mat using Guid(5cd66ba025cbeda4b95a7e410088dee7) Importer(815301076,1909f56bfc062723c751e8b465ee728b)  -> (artifact id: 'ecb99c8c39e957464bbb0c1ef0a7b550') in 0.015223 seconds
  Import took 0.022704 seconds .

========================================================================
Received Prepare
Registering precompiled user dll's ...
Registered in 0.001128 seconds.
Begin MonoManager ReloadAssembly
Native extension for WindowsStandalone target not found
Native extension for WebGL target not found
Refreshing native plugins compatible for Editor in 0.59 ms, found 0 plugins.
Preloading 0 native plugins for Editor in 0.00 ms.
Mono: successfully reloaded assembly
- Completed reload, in  1.504 seconds
Platform modules already initialized, skipping
Refreshing native plugins compatible for Editor in 0.37 ms, found 0 plugins.
Preloading 0 native plugins for Editor in 0.00 ms.
Unloading 1111 Unused Serialized files (Serialized files now loaded: 0)
System memory in use before: 60.4 MB.
System memory in use after: 60.5 MB.

Unloading 5 unused Assets to reduce memory usage. Loaded Objects now: 1601.
Total: 3.391400 ms (FindLiveObjects: 0.309200 ms CreateObjectMapping: 0.098500 ms MarkObjects: 2.877400 ms  DeleteObjects: 0.103600 ms)

========================================================================
Received Prepare
Registering precompiled user dll's ...
Registered in 0.001264 seconds.
Begin MonoManager ReloadAssembly
Native extension for WindowsStandalone target not found
Native extension for WebGL target not found
Refreshing native plugins compatible for Editor in 0.41 ms, found 0 plugins.
Preloading 0 native plugins for Editor in 0.00 ms.
Mono: successfully reloaded assembly
- Completed reload, in  1.579 seconds
Platform modules already initialized, skipping
Refreshing native plugins compatible for Editor in 0.24 ms, found 0 plugins.
Preloading 0 native plugins for Editor in 0.00 ms.
Unloading 1111 Unused Serialized files (Serialized files now loaded: 0)
System memory in use before: 60.5 MB.
System memory in use after: 60.5 MB.

Unloading 5 unused Assets to reduce memory usage. Loaded Objects now: 1604.
Total: 3.832500 ms (FindLiveObjects: 0.158500 ms CreateObjectMapping: 0.040300 ms MarkObjects: 3.516100 ms  DeleteObjects: 0.116100 ms)

========================================================================
Received Prepare
Registering precompiled user dll's ...
Registered in 0.001354 seconds.
Begin MonoManager ReloadAssembly
Native extension for WindowsStandalone target not found
Native extension for WebGL target not found
Refreshing native plugins compatible for Editor in 0.52 ms, found 0 plugins.
Preloading 0 native plugins for Editor in 0.00 ms.
Mono: successfully reloaded assembly
- Completed reload, in  1.663 seconds
Platform modules already initialized, skipping
Refreshing native plugins compatible for Editor in 0.25 ms, found 0 plugins.
Preloading 0 native plugins for Editor in 0.00 ms.
Unloading 1111 Unused Serialized files (Serialized files now loaded: 0)
System memory in use before: 60.5 MB.
System memory in use after: 60.6 MB.

Unloading 5 unused Assets to reduce memory usage. Loaded Objects now: 1607.
Total: 3.991400 ms (FindLiveObjects: 0.154800 ms CreateObjectMapping: 0.039000 ms MarkObjects: 3.676800 ms  DeleteObjects: 0.119000 ms)

AssetImportWorkerClient::OnTransportError - code=2 error=End of file
