Using pre-set license
Built from '2020.3/staging' branch; Version is '2020.3.9f1 (108be757e447) revision 1084391'; Using compiler version '192528614'; Build Type 'Release'
OS: 'Windows 10 Home Single Language; OS build 19043.1052; Version 2009; 64bit' Language: 'en' Physical Memory: 8081 MB
BatchMode: 1, IsHumanControllingUs: 0, StartBugReporterOnCrash: 0, Is64bit: 1, IsPro: 0

 COMMAND LINE ARGUMENTS:
H:\Unity\2020.3.9f1\Editor\Unity.exe
-adb2
-batchMode
-noUpm
-name
AssetImportWorker0
-projectPath
F:/Project/Final project 2
-logFile
Logs/AssetImportWorker0.log
-srvPort
59202
Successfully changed project path to: F:/Project/Final project 2
F:/Project/Final project 2
Using Asset Import Pipeline V2.
Refreshing native plugins compatible for Editor in 45.45 ms, found 0 plugins.
Preloading 0 native plugins for Editor in 0.00 ms.
Initialize engine version: 2020.3.9f1 (108be757e447)
[Subsystems] Discovering subsystems at path H:/Unity/2020.3.9f1/Editor/Data/Resources/UnitySubsystems
[Subsystems] Discovering subsystems at path F:/Project/Final project 2/Assets
GfxDevice: creating device client; threaded=0
Direct3D:
    Version:  Direct3D 11.0 [level 11.0]
    Renderer: NVIDIA GeForce 940MX (ID=0x134d)
    Vendor:   
    VRAM:     2010 MB
    Driver:   27.21.14.5655
Initialize mono
Mono path[0] = 'H:/Unity/2020.3.9f1/Editor/Data/Managed'
Mono path[1] = 'H:/Unity/2020.3.9f1/Editor/Data/MonoBleedingEdge/lib/mono/unityjit'
Mono config path = 'H:/Unity/2020.3.9f1/Editor/Data/MonoBleedingEdge/etc'
Using monoOptions --debugger-agent=transport=dt_socket,embedding=1,server=y,suspend=n,address=127.0.0.1:56316
Begin MonoManager ReloadAssembly
Registering precompiled unity dll's ...
Register platform support module: H:/Unity/2020.3.9f1/Editor/Data/PlaybackEngines/WebGLSupport/UnityEditor.WebGL.Extensions.dll
Register platform support module: H:/Unity/2020.3.9f1/Editor/Data/PlaybackEngines/WindowsStandaloneSupport/UnityEditor.WindowsStandalone.Extensions.dll
Registered in 0.002004 seconds.
Native extension for WindowsStandalone target not found
Native extension for WebGL target not found
Refreshing native plugins compatible for Editor in 45.10 ms, found 0 plugins.
Preloading 0 native plugins for Editor in 0.00 ms.
Mono: successfully reloaded assembly
- Completed reload, in  2.481 seconds
Platform modules already initialized, skipping
Registering precompiled user dll's ...
Registered in 0.001126 seconds.
Begin MonoManager ReloadAssembly
Native extension for WindowsStandalone target not found
Native extension for WebGL target not found
Refreshing native plugins compatible for Editor in 0.63 ms, found 0 plugins.
Preloading 0 native plugins for Editor in 0.00 ms.
Mono: successfully reloaded assembly
- Completed reload, in  1.676 seconds
Platform modules already initialized, skipping
========================================================================
Worker process is ready to serve import requests
Launched and connected shader compiler UnityShaderCompiler.exe after 0.10 seconds
Refreshing native plugins compatible for Editor in 0.29 ms, found 0 plugins.
Preloading 0 native plugins for Editor in 0.00 ms.
Unloading 1122 Unused Serialized files (Serialized files now loaded: 0)
System memory in use before: 57.5 MB.
System memory in use after: 57.5 MB.

Unloading 10 unused Assets to reduce memory usage. Loaded Objects now: 1564.
Total: 2.340000 ms (FindLiveObjects: 0.150000 ms CreateObjectMapping: 0.044600 ms MarkObjects: 2.022900 ms  DeleteObjects: 0.120900 ms)

========================================================================
Received Import Request.
  path: Assets/Heap.cs
  artifactKey: Guid(48be64826672d34479070aff9ee8d4cb) Importer(815301076,1909f56bfc062723c751e8b465ee728b)
Start importing Assets/Heap.cs using Guid(48be64826672d34479070aff9ee8d4cb) Importer(815301076,1909f56bfc062723c751e8b465ee728b)  -> (artifact id: '5045827b9bd71511c4194b1ff442da09') in 0.137220 seconds
  Import took 0.139777 seconds .

========================================================================
Received Import Request.
  Time since last request: 3.826675 seconds.
  path: Assets/Move.cs
  artifactKey: Guid(0224fa1b77dc8424c8606d312b062195) Importer(815301076,1909f56bfc062723c751e8b465ee728b)
Start importing Assets/Move.cs using Guid(0224fa1b77dc8424c8606d312b062195) Importer(815301076,1909f56bfc062723c751e8b465ee728b)  -> (artifact id: '64ba28a3651fe772c27ca26b4eaab41b') in 0.003400 seconds
  Import took 0.006714 seconds .

========================================================================
Received Import Request.
  Time since last request: 0.001440 seconds.
  path: Assets/Move.cs
  artifactKey: Guid(0224fa1b77dc8424c8606d312b062195) Importer(815301076,1909f56bfc062723c751e8b465ee728b)
Start importing Assets/Move.cs using Guid(0224fa1b77dc8424c8606d312b062195) Importer(815301076,1909f56bfc062723c751e8b465ee728b)  -> (artifact id: '64ba28a3651fe772c27ca26b4eaab41b') in 0.014016 seconds
  Import took 0.019610 seconds .

========================================================================
Received Import Request.
  Time since last request: 1.288291 seconds.
  path: Assets/Node.cs
  artifactKey: Guid(dbc15d5fa4eb3e24680204b14e0306c7) Importer(815301076,1909f56bfc062723c751e8b465ee728b)
Start importing Assets/Node.cs using Guid(dbc15d5fa4eb3e24680204b14e0306c7) Importer(815301076,1909f56bfc062723c751e8b465ee728b)  -> (artifact id: 'a8d133497d16b0121e8130db543d094e') in 0.003351 seconds
  Import took 0.006296 seconds .

========================================================================
Received Import Request.
  Time since last request: 0.000825 seconds.
  path: Assets/Node.cs
  artifactKey: Guid(dbc15d5fa4eb3e24680204b14e0306c7) Importer(815301076,1909f56bfc062723c751e8b465ee728b)
Start importing Assets/Node.cs using Guid(dbc15d5fa4eb3e24680204b14e0306c7) Importer(815301076,1909f56bfc062723c751e8b465ee728b)  -> (artifact id: 'a8d133497d16b0121e8130db543d094e') in 0.019317 seconds
  Import took 0.026142 seconds .

========================================================================
Received Import Request.
  Time since last request: 2.932890 seconds.
  path: Assets/Pathfinding.cs
  artifactKey: Guid(fa2fefca064b6824588f1b839b1bb482) Importer(815301076,1909f56bfc062723c751e8b465ee728b)
Start importing Assets/Pathfinding.cs using Guid(fa2fefca064b6824588f1b839b1bb482) Importer(815301076,1909f56bfc062723c751e8b465ee728b)  -> (artifact id: '53ff67a33e9eacc551b88bf9046e7522') in 0.004771 seconds
  Import took 0.009809 seconds .

========================================================================
Received Prepare
Refreshing native plugins compatible for Editor in 1.81 ms, found 0 plugins.
Preloading 0 native plugins for Editor in 0.00 ms.
Unloading 3 Unused Serialized files (Serialized files now loaded: 0)
System memory in use before: 35.1 MB.
System memory in use after: 35.2 MB.

Unloading 3 unused Assets to reduce memory usage. Loaded Objects now: 1564.
Total: 5.280800 ms (FindLiveObjects: 0.261900 ms CreateObjectMapping: 0.126500 ms MarkObjects: 4.778200 ms  DeleteObjects: 0.108000 ms)

AssetImportWorkerClient::OnTransportError - code=2 error=End of file
